#
# There is insufficient memory for the Java Runtime Environment to continue.
# Native memory allocation (mmap) failed to map 65536 bytes for Failed to commit metaspace.
# Possible reasons:
#   The system is out of physical RAM or swap space
#   The process is running with CompressedOops enabled, and the Java Heap may be blocking the growth of the native heap
# Possible solutions:
#   Reduce memory load on the system
#   Increase physical memory or swap space
#   Check if swap backing store is full
#   Decrease Java heap size (-Xmx/-Xms)
#
#  Out of Memory Error (virtualSpaceNode.cpp:110), pid=97880, tid=24932
#
# JRE version: Java(TM) SE Runtime Environment (17.0.8+9) (build 17.0.8+9-LTS-211)
# Java VM: Java HotSpot(TM) 64-Bit Server VM (17.0.8+9-LTS-211, mixed mode, sharing, tiered, compressed oops, compressed class ptrs, g1 gc, windows-amd64)
# No core dump will be written. Minidumps are not enabled by default on client versions of Windows
#

---------------  S U M M A R Y ------------

Command Line: -ea -Dfile.encoding=UTF-8 -XX:+ShowCodeDetailsInExceptionMessages org.testng.remote.RemoteTestNG -serport 50608 -protocol json -d C:\Users\chaut\interview\interview\test-output C:\Users\chaut\AppData\Local\Temp\testng-eclipse-618420908\testng-customsuite.xml

Host: 12th Gen Intel(R) Core(TM) i5-1235U, 12 cores, 7G,  Windows 11 , 64 bit Build 22621 (10.0.22621.2506)
Time: Mon Jan 29 17:18:05 2024 Eastern Standard Time elapsed time: 13955.256663 seconds (0d 3h 52m 35s)

---------------  T H R E A D  ---------------

Current thread (0x000001515f344850):  JavaThread "main" [_thread_in_vm, id=24932, stack(0x0000004bb4e00000,0x0000004bb4f00000)]

Stack: [0x0000004bb4e00000,0x0000004bb4f00000]
Native frames: (J=compiled Java code, j=interpreted, Vv=VM code, C=native code)
V  [jvm.dll+0x677d0a]
V  [jvm.dll+0x7d8c54]
V  [jvm.dll+0x7da3fe]
V  [jvm.dll+0x7daa63]
V  [jvm.dll+0x245c5f]
V  [jvm.dll+0x7d4d5b]
V  [jvm.dll+0x61dcf6]
V  [jvm.dll+0x1c0127]
V  [jvm.dll+0x620650]
V  [jvm.dll+0x61e6b6]
V  [jvm.dll+0x628487]
V  [jvm.dll+0x1e9bdd]
V  [jvm.dll+0x1ea1a5]
V  [jvm.dll+0x1eaaeb]
V  [jvm.dll+0x1e02f1]
V  [jvm.dll+0x53ddbc]
V  [jvm.dll+0x753768]
V  [jvm.dll+0x753854]
V  [jvm.dll+0x40ba4f]
V  [jvm.dll+0x411a69]
C  [java.dll+0x17ec]

Java frames: (J=compiled Java code, j=interpreted, Vv=VM code)
J 991  java.lang.ClassLoader.defineClass1(Ljava/lang/ClassLoader;Ljava/lang/String;[BIILjava/security/ProtectionDomain;Ljava/lang/String;)Ljava/lang/Class; java.base@17.0.8 (0 bytes) @ 0x000001516e6fe2e3 [0x000001516e6fe220+0x00000000000000c3]
J 1095 c1 java.lang.ClassLoader.defineClass(Ljava/lang/String;[BIILjava/security/ProtectionDomain;)Ljava/lang/Class; java.base@17.0.8 (43 bytes) @ 0x0000015166dd17d4 [0x0000015166dd1480+0x0000000000000354]
J 1232 c1 java.security.SecureClassLoader.defineClass(Ljava/lang/String;[BIILjava/security/CodeSource;)Ljava/lang/Class; java.base@17.0.8 (16 bytes) @ 0x0000015166e0c98c [0x0000015166e0c8c0+0x00000000000000cc]
J 950 c1 jdk.internal.loader.BuiltinClassLoader.defineClass(Ljava/lang/String;Ljdk/internal/loader/Resource;)Ljava/lang/Class; java.base@17.0.8 (121 bytes) @ 0x0000015166d7cb64 [0x0000015166d7bc00+0x0000000000000f64]
J 968 c1 jdk.internal.loader.BuiltinClassLoader.findClassOnClassPathOrNull(Ljava/lang/String;)Ljava/lang/Class; java.base@17.0.8 (64 bytes) @ 0x0000015166d885dc [0x0000015166d87560+0x000000000000107c]
J 586 c1 jdk.internal.loader.BuiltinClassLoader.loadClassOrNull(Ljava/lang/String;Z)Ljava/lang/Class; java.base@17.0.8 (143 bytes) @ 0x0000015166cd3bcc [0x0000015166cd2cc0+0x0000000000000f0c]
J 617 c1 jdk.internal.loader.ClassLoaders$AppClassLoader.loadClass(Ljava/lang/String;Z)Ljava/lang/Class; java.base@17.0.8 (40 bytes) @ 0x0000015166ce0004 [0x0000015166cdf9e0+0x0000000000000624]
J 616 c1 java.lang.ClassLoader.loadClass(Ljava/lang/String;)Ljava/lang/Class; java.base@17.0.8 (7 bytes) @ 0x0000015166cdf64c [0x0000015166cdf540+0x000000000000010c]
v  ~StubRoutines::call_stub
j  com.qmetry.qaf.automation.report.JsonReporter.<clinit>()V+57
v  ~StubRoutines::call_stub
j  com.qmetry.qaf.automation.integration.ResultUpdator.registerUpdators()Ljava/util/Set;+8
j  com.qmetry.qaf.automation.integration.ResultUpdator.<clinit>()V+8
v  ~StubRoutines::call_stub
j  com.qmetry.qaf.automation.testng.pro.QAFTestNGListener2.deployResult(Lorg/testng/ITestResult;)V+0
j  com.qmetry.qaf.automation.testng.pro.QAFTestNGListener2.report(Lorg/testng/ITestResult;)V+19
j  com.qmetry.qaf.automation.testng.pro.QAFTestNGListener.onTestFailure(Lorg/testng/ITestResult;)V+2
j  org.testng.internal.TestListenerHelper.runTestListeners(Lorg/testng/ITestResult;Ljava/util/List;)V+123
j  org.testng.internal.TestInvoker.runTestResultListener(Lorg/testng/ITestResult;)V+10
j  org.testng.internal.TestInvoker.invokeMethod(Lorg/testng/internal/TestMethodArguments;Lorg/testng/xml/XmlSuite;Lorg/testng/internal/ITestInvoker$FailureContext;)Lorg/testng/ITestResult;+1069
j  org.testng.internal.TestInvoker.invokeTestMethod(Lorg/testng/internal/TestMethodArguments;Lorg/testng/xml/XmlSuite;Lorg/testng/internal/ITestInvoker$FailureContext;)Lorg/testng/ITestResult;+16
j  org.testng.internal.MethodRunner.runInSequence(Lorg/testng/internal/TestMethodArguments;Lorg/testng/internal/ITestInvoker;Lorg/testng/ITestContext;Ljava/util/concurrent/atomic/AtomicInteger;Lorg/testng/internal/ITestInvoker$FailureContext;Ljava/util/Iterator;Z)Ljava/util/List;+127
j  org.testng.internal.TestInvoker$MethodInvocationAgent.invoke(I)I+313
j  org.testng.internal.TestInvoker.invokeTestMethods(Lorg/testng/ITestNGMethod;Lorg/testng/internal/ConfigurationGroupMethods;Ljava/lang/Object;Lorg/testng/ITestContext;)Ljava/util/List;+389
j  org.testng.internal.TestMethodWorker.invokeTestMethods(Lorg/testng/ITestNGMethod;Ljava/lang/Object;)V+14
j  org.testng.internal.TestMethodWorker.run()V+127
j  org.testng.TestRunner$$Lambda$126+0x0000015101124000.accept(Ljava/lang/Object;)V+7
j  java.util.ArrayList.forEach(Ljava/util/function/Consumer;)V+46 java.base@17.0.8
j  org.testng.TestRunner.privateRun(Lorg/testng/xml/XmlTest;)V+380
j  org.testng.TestRunner.run()V+25
j  org.testng.SuiteRunner.runTest(Lorg/testng/TestRunner;)V+21
j  org.testng.SuiteRunner.runSequentially()V+31
j  org.testng.SuiteRunner.privateRun()V+332
j  org.testng.SuiteRunner.run()V+6
j  org.testng.SuiteRunnerWorker.runSuite(Lorg/testng/internal/SuiteRunnerMap;Lorg/testng/xml/XmlSuite;)V+87
j  org.testng.SuiteRunnerWorker.run()V+12
j  org.testng.TestNG.runSuitesSequentially(Lorg/testng/xml/XmlSuite;Lorg/testng/internal/SuiteRunnerMap;ILjava/lang/String;)V+66
j  org.testng.TestNG.runSuitesLocally()Ljava/util/List;+156
j  org.testng.TestNG.runSuites()Ljava/util/List;+1
j  org.testng.TestNG.run()V+25
j  org.testng.remote.AbstractRemoteTestNG.run()V+149
j  org.testng.remote.RemoteTestNG.initAndRun(Lorg/testng/remote/IRemoteTestNG;[Ljava/lang/String;Lorg/testng/CommandLineArgs;Lorg/testng/remote/RemoteArgs;)V+169
j  org.testng.remote.RemoteTestNG.main([Ljava/lang/String;)V+188
v  ~StubRoutines::call_stub

---------------  P R O C E S S  ---------------

Threads class SMR info:
_java_thread_list=0x000001517d8cce00, length=20, elements={
0x000001515f344850, 0x000001517d6d0c50, 0x000001517d6d39d0, 0x000001517d6e2db0,
0x000001517d6e5780, 0x000001517d6e6130, 0x000001517d6e6ae0, 0x000001517d6e7870,
0x000001517d85d580, 0x000001517d873a90, 0x000001517d925780, 0x000001517d937910,
0x000001517e4a2000, 0x000001517f2f1b50, 0x0000015145c02a30, 0x000001514546c5d0,
0x000001517ed4a840, 0x000001517ed499d0, 0x000001517ed48b60, 0x000001517ed46e80
}

Java Threads: ( => current thread )
=>0x000001515f344850 JavaThread "main" [_thread_in_vm, id=24932, stack(0x0000004bb4e00000,0x0000004bb4f00000)]
  0x000001517d6d0c50 JavaThread "Reference Handler" daemon [_thread_blocked, id=3316, stack(0x0000004bb5500000,0x0000004bb5600000)]
  0x000001517d6d39d0 JavaThread "Finalizer" daemon [_thread_blocked, id=70316, stack(0x0000004bb5600000,0x0000004bb5700000)]
  0x000001517d6e2db0 JavaThread "Signal Dispatcher" daemon [_thread_blocked, id=40604, stack(0x0000004bb5700000,0x0000004bb5800000)]
  0x000001517d6e5780 JavaThread "Attach Listener" daemon [_thread_blocked, id=70428, stack(0x0000004bb5800000,0x0000004bb5900000)]
  0x000001517d6e6130 JavaThread "Service Thread" daemon [_thread_blocked, id=71336, stack(0x0000004bb5900000,0x0000004bb5a00000)]
  0x000001517d6e6ae0 JavaThread "Monitor Deflation Thread" daemon [_thread_blocked, id=8388, stack(0x0000004bb5a00000,0x0000004bb5b00000)]
  0x000001517d6e7870 JavaThread "C2 CompilerThread0" daemon [_thread_blocked, id=25792, stack(0x0000004bb5b00000,0x0000004bb5c00000)]
  0x000001517d85d580 JavaThread "C1 CompilerThread0" daemon [_thread_blocked, id=36396, stack(0x0000004bb5c00000,0x0000004bb5d00000)]
  0x000001517d873a90 JavaThread "Sweeper thread" daemon [_thread_blocked, id=93012, stack(0x0000004bb5d00000,0x0000004bb5e00000)]
  0x000001517d925780 JavaThread "Notification Thread" daemon [_thread_blocked, id=65236, stack(0x0000004bb5e00000,0x0000004bb5f00000)]
  0x000001517d937910 JavaThread "Common-Cleaner" daemon [_thread_blocked, id=60872, stack(0x0000004bb6000000,0x0000004bb6100000)]
  0x000001517e4a2000 JavaThread "ReaderThread" [_thread_in_native, id=101948, stack(0x0000004bb6400000,0x0000004bb6500000)]
  0x000001517f2f1b50 JavaThread "Exec Default Executor" daemon [_thread_in_native, id=101000, stack(0x0000004bb6100000,0x0000004bb6200000)]
  0x0000015145c02a30 JavaThread "Exec Stream Pumper" daemon [_thread_in_native, id=40648, stack(0x0000004bb6f00000,0x0000004bb7000000)]
  0x000001514546c5d0 JavaThread "Exec Stream Pumper" daemon [_thread_in_native, id=41272, stack(0x0000004bb7000000,0x0000004bb7100000)]
  0x000001517ed4a840 JavaThread "Okio Watchdog" daemon [_thread_blocked, id=98764, stack(0x0000004bb7500000,0x0000004bb7600000)]
  0x000001517ed499d0 JavaThread "Java2D Disposer" daemon [_thread_blocked, id=43236, stack(0x0000004bb7100000,0x0000004bb7200000)]
  0x000001517ed48b60 JavaThread "AWT-Windows" daemon [_thread_in_native, id=16800, stack(0x0000004bb7700000,0x0000004bb7800000)]
  0x000001517ed46e80 JavaThread "OkHttp ConnectionPool" daemon [_thread_blocked, id=31608, stack(0x0000004bb4d00000,0x0000004bb4e00000)]

Other Threads:
  0x000001517d6ccc20 VMThread "VM Thread" [stack: 0x0000004bb5400000,0x0000004bb5500000] [id=100452]
  0x000001517d927c60 WatcherThread [stack: 0x0000004bb5f00000,0x0000004bb6000000] [id=37732]
  0x000001515f39f570 GCTaskThread "GC Thread#0" [stack: 0x0000004bb4f00000,0x0000004bb5000000] [id=63400]
  0x000001517e0fd630 GCTaskThread "GC Thread#1" [stack: 0x0000004bb6500000,0x0000004bb6600000] [id=89688]
  0x000001517e1140a0 GCTaskThread "GC Thread#2" [stack: 0x0000004bb6600000,0x0000004bb6700000] [id=62052]
  0x000001517e114350 GCTaskThread "GC Thread#3" [stack: 0x0000004bb6700000,0x0000004bb6800000] [id=34884]
  0x000001517e7b9700 GCTaskThread "GC Thread#4" [stack: 0x0000004bb6800000,0x0000004bb6900000] [id=33616]
  0x000001517e88eb90 GCTaskThread "GC Thread#5" [stack: 0x0000004bb6900000,0x0000004bb6a00000] [id=24124]
  0x000001517e7b4020 GCTaskThread "GC Thread#6" [stack: 0x0000004bb6a00000,0x0000004bb6b00000] [id=93376]
  0x000001517edf5a00 GCTaskThread "GC Thread#7" [stack: 0x0000004bb6b00000,0x0000004bb6c00000] [id=67348]
  0x000001517ee08c90 GCTaskThread "GC Thread#8" [stack: 0x0000004bb6c00000,0x0000004bb6d00000] [id=25052]
  0x000001517eb45aa0 GCTaskThread "GC Thread#9" [stack: 0x0000004bb6d00000,0x0000004bb6e00000] [id=74660]
  0x000001515f3afc30 ConcurrentGCThread "G1 Main Marker" [stack: 0x0000004bb5000000,0x0000004bb5100000] [id=76912]
  0x000001515f3b0de0 ConcurrentGCThread "G1 Conc#0" [stack: 0x0000004bb5100000,0x0000004bb5200000] [id=40292]
  0x00000151452dbb50 ConcurrentGCThread "G1 Conc#1" [stack: 0x0000004bb7200000,0x0000004bb7300000] [id=91916]
  0x00000151452dbe00 ConcurrentGCThread "G1 Conc#2" [stack: 0x0000004bb7300000,0x0000004bb7400000] [id=59836]
  0x000001517d5730d0 ConcurrentGCThread "G1 Refine#0" [stack: 0x0000004bb5200000,0x0000004bb5300000] [id=21456]
  0x000001517e83e380 ConcurrentGCThread "G1 Refine#1" [stack: 0x0000004bb6e00000,0x0000004bb6f00000] [id=74900]
  0x000001517d573a00 ConcurrentGCThread "G1 Service" [stack: 0x0000004bb5300000,0x0000004bb5400000] [id=48236]

Threads with active compile tasks:

VM state: not at safepoint (normal execution)

VM Mutex/Monitor currently owned by a thread:  ([mutex/lock_event])
[0x000001515f33fec0] Metaspace_lock - owner thread: 0x000001515f344850

OutOfMemory and StackOverflow Exception counts:
StackOverflowErrors=1
LinkageErrors=47

Heap address: 0x0000000084400000, size: 1980 MB, Compressed Oops mode: 32-bit

CDS archive(s) mapped at: [0x0000015100000000-0x0000015100bd0000-0x0000015100bd0000), size 12386304, SharedBaseAddress: 0x0000015100000000, ArchiveRelocationMode: 1.
Compressed class space mapped at: 0x0000015101000000-0x0000015141000000, reserved size: 1073741824
Narrow klass base: 0x0000015100000000, Narrow klass shift: 0, Narrow klass range: 0x100000000

GC Precious Log:
 CPUs: 12 total, 12 available
 Memory: 7916M
 Large Page Support: Disabled
 NUMA Support: Disabled
 Compressed Oops: Enabled (32-bit)
 Heap Region Size: 1M
 Heap Min Capacity: 8M
 Heap Initial Capacity: 124M
 Heap Max Capacity: 1980M
 Pre-touch: Disabled
 Parallel Workers: 10
 Concurrent Workers: 3
 Concurrent Refinement Workers: 10
 Periodic GC: Disabled

Heap:
 garbage-first heap   total 78848K, used 32749K [0x0000000084400000, 0x0000000100000000)
  region size 1024K, 20 young (20480K), 8 survivors (8192K)
 Metaspace       used 23948K, committed 24192K, reserved 1114112K
  class space    used 2820K, committed 2944K, reserved 1048576K

Heap Regions: E=young(eden), S=young(survivor), O=old, HS=humongous(starts), HC=humongous(continues), CS=collection set, F=free, OA=open archive, CA=closed archive, TAMS=top-at-mark-start (previous, next)
|   0|0x0000000084400000, 0x0000000084500000, 0x0000000084500000|100%|HS|  |TAMS 0x0000000084500000, 0x0000000084400000| Complete 
|   1|0x0000000084500000, 0x0000000084600000, 0x0000000084600000|100%| O|  |TAMS 0x0000000084600000, 0x0000000084500000| Untracked 
|   2|0x0000000084600000, 0x0000000084700000, 0x0000000084700000|100%|HS|  |TAMS 0x0000000084700000, 0x0000000084600000| Complete 
|   3|0x0000000084700000, 0x0000000084800000, 0x0000000084800000|100%|HS|  |TAMS 0x0000000084800000, 0x0000000084700000| Complete 
|   4|0x0000000084800000, 0x0000000084900000, 0x0000000084900000|100%|HS|  |TAMS 0x0000000084900000, 0x0000000084800000| Complete 
|   5|0x0000000084900000, 0x0000000084a00000, 0x0000000084a00000|100%| O|  |TAMS 0x0000000084a00000, 0x0000000084900000| Untracked 
|   6|0x0000000084a00000, 0x0000000084b00000, 0x0000000084b00000|100%| O|  |TAMS 0x0000000084b00000, 0x0000000084a00000| Untracked 
|   7|0x0000000084b00000, 0x0000000084c00000, 0x0000000084c00000|100%| O|  |TAMS 0x0000000084c00000, 0x0000000084b00000| Untracked 
|   8|0x0000000084c00000, 0x0000000084d00000, 0x0000000084d00000|100%| O|  |TAMS 0x0000000084d00000, 0x0000000084c00000| Untracked 
|   9|0x0000000084d00000, 0x0000000084e00000, 0x0000000084e00000|100%| O|  |TAMS 0x0000000084e00000, 0x0000000084d00000| Untracked 
|  10|0x0000000084e00000, 0x0000000084f00000, 0x0000000084f00000|100%| O|  |TAMS 0x0000000084f00000, 0x0000000084e00000| Untracked 
|  11|0x0000000084f00000, 0x0000000085000000, 0x0000000085000000|100%| O|  |TAMS 0x0000000085000000, 0x0000000084f00000| Untracked 
|  12|0x0000000085000000, 0x0000000085100000, 0x0000000085100000|100%| O|  |TAMS 0x0000000085100000, 0x0000000085000000| Untracked 
|  13|0x0000000085100000, 0x0000000085177e00, 0x0000000085200000| 46%| O|  |TAMS 0x0000000085177e00, 0x0000000085100000| Complete 
|  14|0x0000000085200000, 0x0000000085200000, 0x0000000085300000|  0%| F|  |TAMS 0x0000000085200000, 0x0000000085200000| Untracked 
|  15|0x0000000085300000, 0x0000000085300000, 0x0000000085400000|  0%| F|  |TAMS 0x0000000085300000, 0x0000000085300000| Untracked 
|  16|0x0000000085400000, 0x0000000085400000, 0x0000000085500000|  0%| F|  |TAMS 0x0000000085400000, 0x0000000085400000| Untracked 
|  17|0x0000000085500000, 0x0000000085500000, 0x0000000085600000|  0%| F|  |TAMS 0x0000000085500000, 0x0000000085500000| Untracked 
|  18|0x0000000085600000, 0x0000000085600000, 0x0000000085700000|  0%| F|  |TAMS 0x0000000085600000, 0x0000000085600000| Untracked 
|  19|0x0000000085700000, 0x0000000085700000, 0x0000000085800000|  0%| F|  |TAMS 0x0000000085700000, 0x0000000085700000| Untracked 
|  20|0x0000000085800000, 0x0000000085800000, 0x0000000085900000|  0%| F|  |TAMS 0x0000000085800000, 0x0000000085800000| Untracked 
|  21|0x0000000085900000, 0x0000000085900000, 0x0000000085a00000|  0%| F|  |TAMS 0x0000000085900000, 0x0000000085900000| Untracked 
|  22|0x0000000085a00000, 0x0000000085a00000, 0x0000000085b00000|  0%| F|  |TAMS 0x0000000085a00000, 0x0000000085a00000| Untracked 
|  23|0x0000000085b00000, 0x0000000085b00000, 0x0000000085c00000|  0%| F|  |TAMS 0x0000000085b00000, 0x0000000085b00000| Untracked 
|  24|0x0000000085c00000, 0x0000000085c00000, 0x0000000085d00000|  0%| F|  |TAMS 0x0000000085c00000, 0x0000000085c00000| Untracked 
|  25|0x0000000085d00000, 0x0000000085d00000, 0x0000000085e00000|  0%| F|  |TAMS 0x0000000085d00000, 0x0000000085d00000| Untracked 
|  26|0x0000000085e00000, 0x0000000085e00000, 0x0000000085f00000|  0%| F|  |TAMS 0x0000000085e00000, 0x0000000085e00000| Untracked 
|  27|0x0000000085f00000, 0x0000000085f00000, 0x0000000086000000|  0%| F|  |TAMS 0x0000000085f00000, 0x0000000085f00000| Untracked 
|  28|0x0000000086000000, 0x0000000086000000, 0x0000000086100000|  0%| F|  |TAMS 0x0000000086000000, 0x0000000086000000| Untracked 
|  29|0x0000000086100000, 0x0000000086100000, 0x0000000086200000|  0%| F|  |TAMS 0x0000000086100000, 0x0000000086100000| Untracked 
|  30|0x0000000086200000, 0x0000000086200000, 0x0000000086300000|  0%| F|  |TAMS 0x0000000086200000, 0x0000000086200000| Untracked 
|  31|0x0000000086300000, 0x0000000086300000, 0x0000000086400000|  0%| F|  |TAMS 0x0000000086300000, 0x0000000086300000| Untracked 
|  32|0x0000000086400000, 0x0000000086400000, 0x0000000086500000|  0%| F|  |TAMS 0x0000000086400000, 0x0000000086400000| Untracked 
|  33|0x0000000086500000, 0x0000000086500000, 0x0000000086600000|  0%| F|  |TAMS 0x0000000086500000, 0x0000000086500000| Untracked 
|  34|0x0000000086600000, 0x0000000086600000, 0x0000000086700000|  0%| F|  |TAMS 0x0000000086600000, 0x0000000086600000| Untracked 
|  35|0x0000000086700000, 0x0000000086700000, 0x0000000086800000|  0%| F|  |TAMS 0x0000000086700000, 0x0000000086700000| Untracked 
|  36|0x0000000086800000, 0x0000000086800000, 0x0000000086900000|  0%| F|  |TAMS 0x0000000086800000, 0x0000000086800000| Untracked 
|  37|0x0000000086900000, 0x0000000086900000, 0x0000000086a00000|  0%| F|  |TAMS 0x0000000086900000, 0x0000000086900000| Untracked 
|  38|0x0000000086a00000, 0x0000000086a00000, 0x0000000086b00000|  0%| F|  |TAMS 0x0000000086a00000, 0x0000000086a00000| Untracked 
|  39|0x0000000086b00000, 0x0000000086b00000, 0x0000000086c00000|  0%| F|  |TAMS 0x0000000086b00000, 0x0000000086b00000| Untracked 
|  40|0x0000000086c00000, 0x0000000086c00000, 0x0000000086d00000|  0%| F|  |TAMS 0x0000000086c00000, 0x0000000086c00000| Untracked 
|  41|0x0000000086d00000, 0x0000000086d00000, 0x0000000086e00000|  0%| F|  |TAMS 0x0000000086d00000, 0x0000000086d00000| Untracked 
|  42|0x0000000086e00000, 0x0000000086e00000, 0x0000000086f00000|  0%| F|  |TAMS 0x0000000086e00000, 0x0000000086e00000| Untracked 
|  43|0x0000000086f00000, 0x0000000086f00000, 0x0000000087000000|  0%| F|  |TAMS 0x0000000086f00000, 0x0000000086f00000| Untracked 
|  44|0x0000000087000000, 0x0000000087000000, 0x0000000087100000|  0%| F|  |TAMS 0x0000000087000000, 0x0000000087000000| Untracked 
|  45|0x0000000087100000, 0x0000000087100000, 0x0000000087200000|  0%| F|  |TAMS 0x0000000087100000, 0x0000000087100000| Untracked 
|  46|0x0000000087200000, 0x0000000087200000, 0x0000000087300000|  0%| F|  |TAMS 0x0000000087200000, 0x0000000087200000| Untracked 
|  47|0x0000000087300000, 0x0000000087300000, 0x0000000087400000|  0%| F|  |TAMS 0x0000000087300000, 0x0000000087300000| Untracked 
|  48|0x0000000087400000, 0x0000000087400000, 0x0000000087500000|  0%| F|  |TAMS 0x0000000087400000, 0x0000000087400000| Untracked 
|  49|0x0000000087500000, 0x0000000087500000, 0x0000000087600000|  0%| F|  |TAMS 0x0000000087500000, 0x0000000087500000| Untracked 
|  50|0x0000000087600000, 0x0000000087600000, 0x0000000087700000|  0%| F|  |TAMS 0x0000000087600000, 0x0000000087600000| Untracked 
|  51|0x0000000087700000, 0x0000000087700000, 0x0000000087800000|  0%| F|  |TAMS 0x0000000087700000, 0x0000000087700000| Untracked 
|  52|0x0000000087800000, 0x0000000087800000, 0x0000000087900000|  0%| F|  |TAMS 0x0000000087800000, 0x0000000087800000| Untracked 
|  53|0x0000000087900000, 0x0000000087900000, 0x0000000087a00000|  0%| F|  |TAMS 0x0000000087900000, 0x0000000087900000| Untracked 
|  54|0x0000000087a00000, 0x0000000087a00000, 0x0000000087b00000|  0%| F|  |TAMS 0x0000000087a00000, 0x0000000087a00000| Untracked 
|  55|0x0000000087b00000, 0x0000000087b00000, 0x0000000087c00000|  0%| F|  |TAMS 0x0000000087b00000, 0x0000000087b00000| Untracked 
|  56|0x0000000087c00000, 0x0000000087c00000, 0x0000000087d00000|  0%| F|  |TAMS 0x0000000087c00000, 0x0000000087c00000| Untracked 
|  57|0x0000000087d00000, 0x0000000087d80c10, 0x0000000087e00000| 50%| E|  |TAMS 0x0000000087d00000, 0x0000000087d00000| Complete 
|  58|0x0000000087e00000, 0x0000000087f00000, 0x0000000087f00000|100%| E|CS|TAMS 0x0000000087e00000, 0x0000000087e00000| Complete 
|  59|0x0000000087f00000, 0x0000000088000000, 0x0000000088000000|100%| E|CS|TAMS 0x0000000087f00000, 0x0000000087f00000| Complete 
|  60|0x0000000088000000, 0x0000000088100000, 0x0000000088100000|100%| E|CS|TAMS 0x0000000088000000, 0x0000000088000000| Complete 
|  61|0x0000000088100000, 0x0000000088200000, 0x0000000088200000|100%| E|CS|TAMS 0x0000000088100000, 0x0000000088100000| Complete 
|  62|0x0000000088200000, 0x0000000088300000, 0x0000000088300000|100%| E|CS|TAMS 0x0000000088200000, 0x0000000088200000| Complete 
|  63|0x0000000088300000, 0x0000000088400000, 0x0000000088400000|100%| E|CS|TAMS 0x0000000088300000, 0x0000000088300000| Complete 
|  64|0x0000000088400000, 0x0000000088500000, 0x0000000088500000|100%| E|CS|TAMS 0x0000000088400000, 0x0000000088400000| Complete 
|  65|0x0000000088500000, 0x0000000088600000, 0x0000000088600000|100%| E|CS|TAMS 0x0000000088500000, 0x0000000088500000| Complete 
|  66|0x0000000088600000, 0x0000000088700000, 0x0000000088700000|100%| E|CS|TAMS 0x0000000088600000, 0x0000000088600000| Complete 
|  67|0x0000000088700000, 0x0000000088800000, 0x0000000088800000|100%| E|CS|TAMS 0x0000000088700000, 0x0000000088700000| Complete 
|  83|0x0000000089700000, 0x0000000089783880, 0x0000000089800000| 51%| S|CS|TAMS 0x0000000089700000, 0x0000000089700000| Complete 
|  84|0x0000000089800000, 0x0000000089900000, 0x0000000089900000|100%| S|CS|TAMS 0x0000000089800000, 0x0000000089800000| Complete 
|  85|0x0000000089900000, 0x0000000089a00000, 0x0000000089a00000|100%| S|CS|TAMS 0x0000000089900000, 0x0000000089900000| Complete 
|  86|0x0000000089a00000, 0x0000000089b00000, 0x0000000089b00000|100%| S|CS|TAMS 0x0000000089a00000, 0x0000000089a00000| Complete 
|  87|0x0000000089b00000, 0x0000000089c00000, 0x0000000089c00000|100%| S|CS|TAMS 0x0000000089b00000, 0x0000000089b00000| Complete 
|  88|0x0000000089c00000, 0x0000000089d00000, 0x0000000089d00000|100%| S|CS|TAMS 0x0000000089c00000, 0x0000000089c00000| Complete 
|  89|0x0000000089d00000, 0x0000000089e00000, 0x0000000089e00000|100%| S|CS|TAMS 0x0000000089d00000, 0x0000000089d00000| Complete 
|  94|0x000000008a200000, 0x000000008a300000, 0x000000008a300000|100%| S|CS|TAMS 0x000000008a200000, 0x000000008a200000| Complete 
| 123|0x000000008bf00000, 0x000000008c000000, 0x000000008c000000|100%| E|CS|TAMS 0x000000008bf00000, 0x000000008bf00000| Complete 

Card table byte_map: [0x0000015176500000,0x00000151768e0000] _byte_map_base: 0x00000151760de000

Marking Bits (Prev, Next): (CMBitMap*) 0x000001515f39fbc0, (CMBitMap*) 0x000001515f39fb80
 Prev Bits: [0x0000015178bb0000, 0x000001517aaa0000)
 Next Bits: [0x0000015176cc0000, 0x0000015178bb0000)

Polling page: 0x000001515d2d0000

Metaspace:

Usage:
  Non-class:     20.63 MB used.
      Class:      2.75 MB used.
       Both:     23.39 MB used.

Virtual space:
  Non-class space:       64.00 MB reserved,      20.75 MB ( 32%) committed,  1 nodes.
      Class space:        1.00 GB reserved,       2.88 MB ( <1%) committed,  1 nodes.
             Both:        1.06 GB reserved,      23.62 MB (  2%) committed. 

Chunk freelists:
   Non-Class:  10.86 MB
       Class:  13.01 MB
        Both:  23.87 MB

MaxMetaspaceSize: unlimited
CompressedClassSpaceSize: 1.00 GB
Initial GC threshold: 21.00 MB
Current GC threshold: 35.12 MB
CDS: on
MetaspaceReclaimPolicy: balanced
 - commit_granule_bytes: 65536.
 - commit_granule_words: 8192.
 - virtual_space_node_default_size: 8388608.
 - enlarge_chunks_in_place: 1.
 - new_chunks_are_fully_committed: 0.
 - uncommit_free_chunks: 1.
 - use_allocation_guard: 0.
 - handle_deallocations: 1.


Internal statistics:

num_allocs_failed_limit: 3.
num_arena_births: 226.
num_arena_deaths: 0.
num_vsnodes_births: 2.
num_vsnodes_deaths: 0.
num_space_committed: 378.
num_space_uncommitted: 0.
num_chunks_returned_to_freelist: 3.
num_chunks_taken_from_freelist: 768.
num_chunk_merges: 3.
num_chunk_splits: 503.
num_chunks_enlarged: 378.
num_purges: 0.
num_inconsistent_stats: 0.

CodeHeap 'non-profiled nmethods': size=120000Kb used=1268Kb max_used=1268Kb free=118732Kb
 bounds [0x000001516e6a0000, 0x000001516e910000, 0x0000015175bd0000]
CodeHeap 'profiled nmethods': size=120000Kb used=5698Kb max_used=5698Kb free=114301Kb
 bounds [0x0000015166bd0000, 0x0000015167170000, 0x000001516e100000]
CodeHeap 'non-nmethods': size=5760Kb used=1315Kb max_used=1330Kb free=4444Kb
 bounds [0x000001516e100000, 0x000001516e370000, 0x000001516e6a0000]
 total_blobs=3533 nmethods=2896 adapters=549
 compilation: enabled
              stopped_count=0, restarted_count=0
 full_count=0

Compilation events (20 events):
Event: 13955.101 Thread 0x000001517d85d580 2890       3       jdk.internal.misc.VM::isModuleSystemInited (13 bytes)
Event: 13955.101 Thread 0x000001517d85d580 nmethod 2890 0x000001516715f410 code [0x000001516715f5a0, 0x000001516715f758]
Event: 13955.102 Thread 0x000001517d6e7870 2891       4       jdk.internal.misc.VM::initLevel (4 bytes)
Event: 13955.103 Thread 0x000001517d6e7870 nmethod 2891 0x000001516e7db110 code [0x000001516e7db280, 0x000001516e7db2f8]
Event: 13955.104 Thread 0x000001517d6e7870 2892       4       java.lang.StringBuilder::append (8 bytes)
Event: 13955.105 Thread 0x000001517d6e7870 nmethod 2892 0x000001516e7db410 code [0x000001516e7db5a0, 0x000001516e7db648]
Event: 13955.107 Thread 0x000001517d6e7870 2893       4       java.util.regex.Pattern$Slice::match (79 bytes)
Event: 13955.118 Thread 0x000001517d6e7870 nmethod 2893 0x000001516e7db710 code [0x000001516e7db8c0, 0x000001516e7dbbe8]
Event: 13955.132 Thread 0x000001517d85d580 2894       3       java.lang.reflect.Field::copy (80 bytes)
Event: 13955.134 Thread 0x000001517d85d580 nmethod 2894 0x000001516715f810 code [0x000001516715f9e0, 0x000001516715fdf8]
Event: 13955.146 Thread 0x000001517d85d580 2895   !   3       java.io.BufferedWriter::write (117 bytes)
Event: 13955.149 Thread 0x000001517d85d580 nmethod 2895 0x000001516e7dbe10 code [0x000001516e7dc000, 0x000001516e7dc5e8]
Event: 13955.149 Thread 0x000001517d85d580 2896       3       java.io.BufferedWriter::min (9 bytes)
Event: 13955.149 Thread 0x000001517d85d580 nmethod 2896 0x000001516e7dc990 code [0x000001516e7dcb20, 0x000001516e7dcc98]
Event: 13955.149 Thread 0x000001517d85d580 2897       3       java.io.Writer::write (11 bytes)
Event: 13955.152 Thread 0x000001517d85d580 nmethod 2897 0x000001516715ff10 code [0x00000151671600c0, 0x00000151671603a8]
Event: 13955.152 Thread 0x000001517d85d580 2898       1       org.testng.shaded.com.google.gson.reflect.TypeToken::getType (5 bytes)
Event: 13955.152 Thread 0x000001517d85d580 nmethod 2898 0x000001516e7dcd10 code [0x000001516e7dcea0, 0x000001516e7dcf78]
Event: 13955.156 Thread 0x000001517d85d580 2899       3       org.apache.commons.lang.text.StrMatcher$StringMatcher::isMatch (58 bytes)
Event: 13955.156 Thread 0x000001517d85d580 nmethod 2899 0x0000015167160510 code [0x00000151671606c0, 0x0000015167160998]

GC Heap History (6 events):
Event: 0.876 GC heap before
{Heap before GC invocations=0 (full 0):
 garbage-first heap   total 126976K, used 27648K [0x0000000084400000, 0x0000000100000000)
  region size 1024K, 23 young (23552K), 0 survivors (0K)
 Metaspace       used 6866K, committed 7104K, reserved 1114112K
  class space    used 775K, committed 896K, reserved 1048576K
}
Event: 0.881 GC heap after
{Heap after GC invocations=1 (full 0):
 garbage-first heap   total 126976K, used 11698K [0x0000000084400000, 0x0000000100000000)
  region size 1024K, 3 young (3072K), 3 survivors (3072K)
 Metaspace       used 6866K, committed 7104K, reserved 1114112K
  class space    used 775K, committed 896K, reserved 1048576K
}
Event: 1.456 GC heap before
{Heap before GC invocations=1 (full 0):
 garbage-first heap   total 126976K, used 39346K [0x0000000084400000, 0x0000000100000000)
  region size 1024K, 30 young (30720K), 3 survivors (3072K)
 Metaspace       used 13135K, committed 13312K, reserved 1114112K
  class space    used 1452K, committed 1536K, reserved 1048576K
}
Event: 1.464 GC heap after
{Heap after GC invocations=2 (full 0):
 garbage-first heap   total 126976K, used 17887K [0x0000000084400000, 0x0000000100000000)
  region size 1024K, 4 young (4096K), 4 survivors (4096K)
 Metaspace       used 13135K, committed 13312K, reserved 1114112K
  class space    used 1452K, committed 1536K, reserved 1048576K
}
Event: 2.568 GC heap before
{Heap before GC invocations=2 (full 0):
 garbage-first heap   total 126976K, used 46559K [0x0000000084400000, 0x0000000100000000)
  region size 1024K, 33 young (33792K), 4 survivors (4096K)
 Metaspace       used 21215K, committed 21504K, reserved 1114112K
  class space    used 2530K, committed 2688K, reserved 1048576K
}
Event: 2.577 GC heap after
{Heap after GC invocations=3 (full 0):
 garbage-first heap   total 126976K, used 21485K [0x0000000084400000, 0x0000000100000000)
  region size 1024K, 8 young (8192K), 8 survivors (8192K)
 Metaspace       used 21215K, committed 21504K, reserved 1114112K
  class space    used 2530K, committed 2688K, reserved 1048576K
}

Deoptimization events (20 events):
Event: 16.821 Thread 0x000001515f344850 DEOPT PACKING pc=0x000001516e72a28c sp=0x0000004bb4efd720
Event: 16.821 Thread 0x000001515f344850 DEOPT UNPACKING pc=0x000001516e1523a3 sp=0x0000004bb4efd6a0 mode 2
Event: 16.837 Thread 0x000001515f344850 Uncommon trap: trap_request=0xffffffde fr.pc=0x000001516e72a28c relative=0x000000000000076c
Event: 16.837 Thread 0x000001515f344850 Uncommon trap: reason=class_check action=maybe_recompile pc=0x000001516e72a28c method=java.util.HashMap.putVal(ILjava/lang/Object;Ljava/lang/Object;ZZ)Ljava/lang/Object; @ 91 c2
Event: 16.837 Thread 0x000001515f344850 DEOPT PACKING pc=0x000001516e72a28c sp=0x0000004bb4efd700
Event: 16.837 Thread 0x000001515f344850 DEOPT UNPACKING pc=0x000001516e1523a3 sp=0x0000004bb4efd680 mode 2
Event: 16.839 Thread 0x000001515f344850 Uncommon trap: trap_request=0xffffffde fr.pc=0x000001516e759784 relative=0x00000000000016c4
Event: 16.841 Thread 0x000001515f344850 Uncommon trap: reason=class_check action=maybe_recompile pc=0x000001516e759784 method=java.util.HashMap.putVal(ILjava/lang/Object;Ljava/lang/Object;ZZ)Ljava/lang/Object; @ 91 c2
Event: 16.841 Thread 0x000001515f344850 DEOPT PACKING pc=0x000001516e759784 sp=0x0000004bb4efd670
Event: 16.841 Thread 0x000001515f344850 DEOPT UNPACKING pc=0x000001516e1523a3 sp=0x0000004bb4efd548 mode 2
Event: 16.848 Thread 0x000001515f344850 Uncommon trap: trap_request=0xffffff45 fr.pc=0x000001516e784794 relative=0x00000000000002f4
Event: 16.848 Thread 0x000001515f344850 Uncommon trap: reason=unstable_if action=reinterpret pc=0x000001516e784794 method=java.util.HashMap.getNode(Ljava/lang/Object;)Ljava/util/HashMap$Node; @ 66 c2
Event: 16.848 Thread 0x000001515f344850 DEOPT PACKING pc=0x000001516e784794 sp=0x0000004bb4efd7d0
Event: 16.848 Thread 0x000001515f344850 DEOPT UNPACKING pc=0x000001516e1523a3 sp=0x0000004bb4efd6d8 mode 2
Event: 16.854 Thread 0x000001515f344850 Uncommon trap: trap_request=0xffffff45 fr.pc=0x000001516e7383b8 relative=0x0000000000000038
Event: 16.854 Thread 0x000001515f344850 Uncommon trap: reason=unstable_if action=reinterpret pc=0x000001516e7383b8 method=java.lang.Character.isSurrogate(C)Z @ 3 c2
Event: 16.854 Thread 0x000001515f344850 DEOPT PACKING pc=0x000001516e7383b8 sp=0x0000004bb4efd440
Event: 16.854 Thread 0x000001515f344850 DEOPT UNPACKING pc=0x000001516e1523a3 sp=0x0000004bb4efd3d8 mode 2
Event: 13949.673 Thread 0x000001517ed4a370 DEOPT PACKING pc=0x0000015167139349 sp=0x0000004bb4dff240
Event: 13949.690 Thread 0x000001517ed4a370 DEOPT UNPACKING pc=0x000001516e152b43 sp=0x0000004bb4dfe6a8 mode 3

Classes unloaded (0 events):
No events

Classes redefined (0 events):
No events

Internal exceptions (20 events):
Event: 2.343 Thread 0x000001514546c100 Exception <a 'java/net/SocketException'{0x000000008adee4f8}: Socket is not connected: shutdown> (0x000000008adee4f8) 
thrown [s\open\src\hotspot\share\prims\jni.cpp, line 535]
Event: 2.394 Thread 0x000001515f344850 Exception <a 'java/lang/NoSuchMethodError'{0x000000008ac91378}: 'java.lang.Object java.lang.invoke.DirectMethodHandle$Holder.invokeInterface(java.lang.Object, java.lang.Object, java.lang.Object)'> (0x000000008ac91378) 
thrown [s\open\src\hotspot\share\interpreter\linkResolver.cpp, line 759]
Event: 2.395 Thread 0x000001515f344850 Exception <a 'java/lang/IncompatibleClassChangeError'{0x000000008ac94a40}: Found class java.lang.Object, but interface was expected> (0x000000008ac94a40) 
thrown [s\open\src\hotspot\share\interpreter\linkResolver.cpp, line 826]
Event: 2.396 Thread 0x000001515f344850 Exception <a 'java/lang/NoSuchMethodError'{0x000000008ac9d598}: 'int java.lang.invoke.DirectMethodHandle$Holder.invokeSpecialIFC(java.lang.Object, java.lang.Object, java.lang.Object, java.lang.Object)'> (0x000000008ac9d598) 
thrown [s\open\src\hotspot\share\interpreter\linkResolver.cpp, line 759]
Event: 2.397 Thread 0x000001515f344850 Exception <a 'java/lang/NoSuchMethodError'{0x000000008aca5b20}: 'java.lang.Object java.lang.invoke.DirectMethodHandle$Holder.invokeInterface(java.lang.Object, java.lang.Object, java.lang.Object, java.lang.Object)'> (0x000000008aca5b20) 
thrown [s\open\src\hotspot\share\interpreter\linkResolver.cpp, line 759]
Event: 2.418 Thread 0x000001515f344850 Exception <a 'java/lang/NoSuchMethodError'{0x000000008abb50d8}: 'double java.lang.invoke.DirectMethodHandle$Holder.invokeVirtual(java.lang.Object, java.lang.Object)'> (0x000000008abb50d8) 
thrown [s\open\src\hotspot\share\interpreter\linkResolver.cpp, line 759]
Event: 2.419 Thread 0x000001515f344850 Exception <a 'java/lang/NoSuchMethodError'{0x000000008abbb858}: 'float java.lang.invoke.DirectMethodHandle$Holder.invokeVirtual(java.lang.Object, java.lang.Object)'> (0x000000008abbb858) 
thrown [s\open\src\hotspot\share\interpreter\linkResolver.cpp, line 759]
Event: 2.419 Thread 0x000001515f344850 Exception <a 'java/lang/NoSuchMethodError'{0x000000008abc4818}: 'long java.lang.invoke.DirectMethodHandle$Holder.invokeVirtual(java.lang.Object, java.lang.Object)'> (0x000000008abc4818) 
thrown [s\open\src\hotspot\share\interpreter\linkResolver.cpp, line 759]
Event: 2.444 Thread 0x000001515f344850 Exception <a 'java/lang/NoSuchMethodError'{0x000000008a91c298}: 'void java.lang.invoke.DirectMethodHandle$Holder.invokeSpecial(java.lang.Object, java.lang.Object, java.lang.Object, java.lang.Object, java.lang.Object)'> (0x000000008a91c298) 
thrown [s\open\src\hotspot\share\interpreter\linkResolver.cpp, line 759]
Event: 2.462 Thread 0x000001515f344850 Exception <a 'java/lang/NoSuchMethodError'{0x000000008a9e75b0}: 'java.lang.Object java.lang.invoke.DirectMethodHandle$Holder.newInvokeSpecial(java.lang.Object, java.lang.Object, java.lang.Object, java.lang.Object, java.lang.Object)'> (0x000000008a9e75b0) 
thrown [s\open\src\hotspot\share\interpreter\linkResolver.cpp, line 759]
Event: 3.312 Thread 0x000001515f344850 Exception <a 'java/lang/NoSuchMethodError'{0x00000000887764f8}: 'java.lang.Object java.lang.invoke.DirectMethodHandle$Holder.invokeSpecialIFC(java.lang.Object, java.lang.Object, java.lang.Object)'> (0x00000000887764f8) 
thrown [s\open\src\hotspot\share\interpreter\linkResolver.cpp, line 759]
Event: 3.322 Thread 0x000001515f344850 Exception <a 'java/lang/NoSuchMethodError'{0x00000000887a9d78}: 'java.lang.Object java.lang.invoke.DirectMethodHandle$Holder.invokeStatic(java.lang.Object, int, java.lang.Object)'> (0x00000000887a9d78) 
thrown [s\open\src\hotspot\share\interpreter\linkResolver.cpp, line 759]
Event: 3.326 Thread 0x000001515f344850 Exception <a 'java/lang/NoSuchMethodError'{0x00000000887b8220}: 'void java.lang.invoke.DirectMethodHandle$Holder.invokeSpecial(java.lang.Object, java.lang.Object, java.lang.Object)'> (0x00000000887b8220) 
thrown [s\open\src\hotspot\share\interpreter\linkResolver.cpp, line 759]
Event: 3.330 Thread 0x000001515f344850 Exception <a 'java/lang/ClassNotFoundException'{0x00000000887db798}: sun/util/logging/resources/spi/loggingProvider> (0x00000000887db798) 
thrown [s\open\src\hotspot\share\classfile\systemDictionary.cpp, line 256]
Event: 15.424 Thread 0x000001515f344850 Exception <a 'java/lang/ClassNotFoundException'{0x00000000884498d8}: sun/awt/resources/spi/awtProvider> (0x00000000884498d8) 
thrown [s\open\src\hotspot\share\classfile\systemDictionary.cpp, line 256]
Event: 15.437 Thread 0x000001515f344850 Exception <a 'java/io/FileNotFoundException'{0x000000008844c6a0}> (0x000000008844c6a0) 
thrown [s\open\src\hotspot\share\prims\jni.cpp, line 516]
Event: 15.437 Thread 0x000001515f344850 Exception <a 'java/io/FileNotFoundException'{0x000000008844de68}> (0x000000008844de68) 
thrown [s\open\src\hotspot\share\prims\jni.cpp, line 516]
Event: 13945.347 Thread 0x000001517ed47cf0 Exception <a 'java/lang/StackOverflowError'{0x0000000087ff3c08}> (0x0000000087ff3c08) 
thrown [s\open\src\hotspot\share\interpreter\interpreterRuntime.cpp, line 374]
Event: 13954.547 Thread 0x000001515f344850 Exception <a 'java/lang/ClassNotFoundException'{0x0000000087e95878}: sun/misc/SharedSecrets> (0x0000000087e95878) 
thrown [s\open\src\hotspot\share\classfile\systemDictionary.cpp, line 256]
Event: 13954.774 Thread 0x000001515f344850 Exception <a 'java/lang/reflect/InvocationTargetException'{0x0000000087ea7580}> (0x0000000087ea7580) 
thrown [s\open\src\hotspot\share\runtime\reflection.cpp, line 1121]

VM Operations (20 events):
Event: 22.746 Executing VM operation: Cleanup
Event: 22.746 Executing VM operation: Cleanup done
Event: 63.096 Executing VM operation: Cleanup
Event: 63.096 Executing VM operation: Cleanup done
Event: 624.801 Executing VM operation: Cleanup
Event: 624.804 Executing VM operation: Cleanup done
Event: 628.834 Executing VM operation: Cleanup
Event: 628.834 Executing VM operation: Cleanup done
Event: 1236.110 Executing VM operation: Cleanup
Event: 1236.111 Executing VM operation: Cleanup done
Event: 1237.112 Executing VM operation: Cleanup
Event: 1237.112 Executing VM operation: Cleanup done
Event: 1241.147 Executing VM operation: Cleanup
Event: 1241.148 Executing VM operation: Cleanup done
Event: 13889.107 Executing VM operation: Cleanup
Event: 13889.143 Executing VM operation: Cleanup done
Event: 13890.157 Executing VM operation: Cleanup
Event: 13890.159 Executing VM operation: Cleanup done
Event: 13954.612 Executing VM operation: Cleanup
Event: 13954.624 Executing VM operation: Cleanup done

Events (20 events):
Event: 13945.465 loading class java/lang/StackTraceElement$HashedModules
Event: 13945.477 loading class java/lang/StackTraceElement$HashedModules done
Event: 13945.517 Thread 0x000001517ed47cf0 Thread exited: 0x000001517ed47cf0
Event: 13945.967 Thread 0x000001517ed49ea0 Thread added: 0x000001517ed49ea0
Event: 13949.560 Thread 0x000001517ed4a370 Thread added: 0x000001517ed4a370
Event: 13949.603 loading class java/util/WeakHashMap$KeyIterator
Event: 13949.618 loading class java/util/WeakHashMap$HashIterator
Event: 13949.655 loading class java/util/WeakHashMap$HashIterator done
Event: 13949.656 loading class java/util/WeakHashMap$KeyIterator done
Event: 13951.113 Thread 0x000001517ed49ea0 Thread exited: 0x000001517ed49ea0
Event: 13951.114 Thread 0x000001517ed4a370 Thread exited: 0x000001517ed4a370
Event: 13953.975 Thread 0x000001517ed46e80 Thread added: 0x000001517ed46e80
Event: 13954.101 loading class jdk/internal/access/foreign/MemorySegmentProxy
Event: 13954.128 loading class jdk/internal/access/foreign/MemorySegmentProxy done
Event: 13954.542 loading class sun/misc/SharedSecrets
Event: 13954.545 loading class sun/misc/SharedSecrets done
Event: 13954.687 loading class java/util/stream/SortedOps$SizedRefSortingSink
Event: 13954.713 loading class java/util/stream/SortedOps$SizedRefSortingSink done
Event: 13955.079 loading class java/lang/Throwable$WrappedPrintWriter
Event: 13955.081 loading class java/lang/Throwable$WrappedPrintWriter done


Dynamic libraries:
0x00007ff68e270000 - 0x00007ff68e280000 	C:\Program Files\Java\jdk-17\bin\javaw.exe
0x00007ff824570000 - 0x00007ff824787000 	C:\Windows\SYSTEM32\ntdll.dll
0x00007ff823490000 - 0x00007ff823554000 	C:\Windows\System32\KERNEL32.DLL
0x00007ff821ce0000 - 0x00007ff822086000 	C:\Windows\System32\KERNELBASE.dll
0x00007ff8219d0000 - 0x00007ff821ae1000 	C:\Windows\System32\ucrtbase.dll
0x00007ff8160b0000 - 0x00007ff8160c9000 	C:\Program Files\Java\jdk-17\bin\jli.dll
0x00007ff816050000 - 0x00007ff81606b000 	C:\Program Files\Java\jdk-17\bin\VCRUNTIME140.dll
0x00007ff823f00000 - 0x00007ff823fb3000 	C:\Windows\System32\ADVAPI32.dll
0x00007ff8222c0000 - 0x00007ff822367000 	C:\Windows\System32\msvcrt.dll
0x00007ff823560000 - 0x00007ff823608000 	C:\Windows\System32\sechost.dll
0x00007ff821af0000 - 0x00007ff821b18000 	C:\Windows\System32\bcrypt.dll
0x00007ff8225e0000 - 0x00007ff8226f7000 	C:\Windows\System32\RPCRT4.dll
0x00007ff823fc0000 - 0x00007ff82416e000 	C:\Windows\System32\USER32.dll
0x00007ff8218b0000 - 0x00007ff8218d6000 	C:\Windows\System32\win32u.dll
0x00007ff814690000 - 0x00007ff814923000 	C:\Windows\WinSxS\amd64_microsoft.windows.common-controls_6595b64144ccf1df_6.0.22621.2506_none_270c5ae97388e100\COMCTL32.dll
0x00007ff8223d0000 - 0x00007ff8223f9000 	C:\Windows\System32\GDI32.dll
0x00007ff821b20000 - 0x00007ff821c38000 	C:\Windows\System32\gdi32full.dll
0x00007ff821c40000 - 0x00007ff821cda000 	C:\Windows\System32\msvcp_win.dll
0x00007ff815b30000 - 0x00007ff815b3a000 	C:\Windows\SYSTEM32\VERSION.dll
0x00007ff822400000 - 0x00007ff822431000 	C:\Windows\System32\IMM32.DLL
0x00007ff81cae0000 - 0x00007ff81caec000 	C:\Program Files\Java\jdk-17\bin\vcruntime140_1.dll
0x00007ff80c310000 - 0x00007ff80c39e000 	C:\Program Files\Java\jdk-17\bin\msvcp140.dll
0x00007fff9b1c0000 - 0x00007fff9bd9e000 	C:\Program Files\Java\jdk-17\bin\server\jvm.dll
0x00007ff822700000 - 0x00007ff822708000 	C:\Windows\System32\PSAPI.DLL
0x00007ff80e100000 - 0x00007ff80e109000 	C:\Windows\SYSTEM32\WSOCK32.dll
0x00007ff823c50000 - 0x00007ff823cc1000 	C:\Windows\System32\WS2_32.dll
0x00007ff818240000 - 0x00007ff818274000 	C:\Windows\SYSTEM32\WINMM.dll
0x00007ff8208a0000 - 0x00007ff8208b8000 	C:\Windows\SYSTEM32\kernel.appcore.dll
0x00007ff8196d0000 - 0x00007ff8196da000 	C:\Program Files\Java\jdk-17\bin\jimage.dll
0x00007ff81f150000 - 0x00007ff81f383000 	C:\Windows\SYSTEM32\DBGHELP.DLL
0x00007ff8241a0000 - 0x00007ff824529000 	C:\Windows\System32\combase.dll
0x00007ff823e20000 - 0x00007ff823ef7000 	C:\Windows\System32\OLEAUT32.dll
0x00007ff817080000 - 0x00007ff8170b2000 	C:\Windows\SYSTEM32\dbgcore.DLL
0x00007ff821950000 - 0x00007ff8219ca000 	C:\Windows\System32\bcryptPrimitives.dll
0x00007ff815d00000 - 0x00007ff815d25000 	C:\Program Files\Java\jdk-17\bin\java.dll
0x00007ffff90d0000 - 0x00007ffff91a7000 	C:\Program Files\Java\jdk-17\bin\jsvml.dll
0x00007ff8228b0000 - 0x00007ff82310a000 	C:\Windows\System32\SHELL32.dll
0x00007ff81f780000 - 0x00007ff820076000 	C:\Windows\SYSTEM32\windows.storage.dll
0x00007ff81f640000 - 0x00007ff81f77e000 	C:\Windows\SYSTEM32\wintypes.dll
0x00007ff822450000 - 0x00007ff822543000 	C:\Windows\System32\SHCORE.dll
0x00007ff822370000 - 0x00007ff8223ce000 	C:\Windows\System32\shlwapi.dll
0x00007ff8217e0000 - 0x00007ff821806000 	C:\Windows\SYSTEM32\profapi.dll
0x00007ff816030000 - 0x00007ff816049000 	C:\Program Files\Java\jdk-17\bin\net.dll
0x00007ff81c430000 - 0x00007ff81c567000 	C:\Windows\SYSTEM32\WINHTTP.dll
0x00007ff820d10000 - 0x00007ff820d79000 	C:\Windows\system32\mswsock.dll
0x00007ff815ce0000 - 0x00007ff815cf6000 	C:\Program Files\Java\jdk-17\bin\nio.dll
0x00007ff810770000 - 0x00007ff810788000 	C:\Program Files\Java\jdk-17\bin\zip.dll
0x00007ff8203a0000 - 0x00007ff820499000 	C:\Windows\SYSTEM32\DNSAPI.dll
0x00007ff820320000 - 0x00007ff82034d000 	C:\Windows\SYSTEM32\IPHLPAPI.DLL
0x00007ff822440000 - 0x00007ff822449000 	C:\Windows\System32\NSI.dll
0x0000000055310000 - 0x0000000055336000 	C:\Program Files\Bonjour\mdnsNSP.dll
0x00007ff8190d0000 - 0x00007ff8190da000 	C:\Windows\System32\rasadhlp.dll
0x00007ff819190000 - 0x00007ff819213000 	C:\Windows\System32\fwpuclnt.dll
0x00007ff821000000 - 0x00007ff82101b000 	C:\Windows\SYSTEM32\CRYPTSP.dll
0x00007ff820800000 - 0x00007ff820835000 	C:\Windows\system32\rsaenh.dll
0x00007ff820db0000 - 0x00007ff820ddc000 	C:\Windows\SYSTEM32\USERENV.dll
0x00007ff820f10000 - 0x00007ff820f1c000 	C:\Windows\SYSTEM32\CRYPTBASE.dll
0x00007ff81c360000 - 0x00007ff81c379000 	C:\Windows\SYSTEM32\dhcpcsvc6.DLL
0x00007ff81c340000 - 0x00007ff81c35f000 	C:\Windows\SYSTEM32\dhcpcsvc.DLL
0x00007ff818d30000 - 0x00007ff818d40000 	C:\Program Files\Java\jdk-17\bin\verify.dll
0x00007fff8a9d0000 - 0x00007fff8a9e7000 	C:\Windows\system32\napinsp.dll
0x00007fff8a9f0000 - 0x00007fff8aa0b000 	C:\Windows\system32\pnrpnsp.dll
0x00007fff8aa10000 - 0x00007fff8aa21000 	C:\Windows\System32\winrnr.dll
0x00007fffec9d0000 - 0x00007fffec9e5000 	C:\Windows\system32\wshbth.dll
0x00007fffed2a0000 - 0x00007fffed2c1000 	C:\Windows\system32\nlansp_c.dll
0x00007ff818b90000 - 0x00007ff818b9e000 	C:\Program Files\Java\jdk-17\bin\sunmscapi.dll
0x00007ff822150000 - 0x00007ff8222b6000 	C:\Windows\System32\CRYPT32.dll
0x00007ff821170000 - 0x00007ff82119e000 	C:\Windows\SYSTEM32\ncrypt.dll
0x00007ff821130000 - 0x00007ff821167000 	C:\Windows\SYSTEM32\NTASN1.dll
0x00007fffa6450000 - 0x00007fffa65e1000 	C:\Program Files\Java\jdk-17\bin\awt.dll
0x00007ff81e5d0000 - 0x00007ff81e667000 	C:\Windows\SYSTEM32\apphelp.dll
0x00007ff81eb20000 - 0x00007ff81eb4b000 	C:\Windows\system32\DWMAPI.DLL
0x00007ff81e760000 - 0x00007ff81e80b000 	C:\Windows\system32\uxtheme.dll
0x00007fffe9360000 - 0x00007fffe9460000 	C:\Windows\system32\opengl32.dll
0x00007fffe88f0000 - 0x00007fffe891d000 	C:\Windows\SYSTEM32\GLU32.dll
0x00007ff81e870000 - 0x00007ff81e8a6000 	C:\Windows\SYSTEM32\dxcore.dll
0x00007ff823320000 - 0x00007ff823470000 	C:\Windows\System32\MSCTF.dll
0x00007ff822710000 - 0x00007ff8228b0000 	C:\Windows\System32\ole32.dll
0x00007ffff91b0000 - 0x00007ffff9260000 	C:\Windows\SYSTEM32\TextShaping.dll

dbghelp: loaded successfully - version: 4.0.5 - missing functions: none
symbol engine: initialized successfully - sym options: 0x614 - pdb path: .;C:\Program Files\Java\jdk-17\bin;C:\Windows\SYSTEM32;C:\Windows\WinSxS\amd64_microsoft.windows.common-controls_6595b64144ccf1df_6.0.22621.2506_none_270c5ae97388e100;C:\Program Files\Java\jdk-17\bin\server;C:\Program Files\Bonjour

VM Arguments:
jvm_args: -ea -Dfile.encoding=UTF-8 -XX:+ShowCodeDetailsInExceptionMessages 
java_command: org.testng.remote.RemoteTestNG -serport 50608 -protocol json -d C:\Users\chaut\interview\interview\test-output C:\Users\chaut\AppData\Local\Temp\testng-eclipse-618420908\testng-customsuite.xml
java_class_path (initial): C:\Users\chaut\eclipse\java-2023-062\eclipse\configuration\org.eclipse.osgi\512\0\.cp\lib\testng-remote.jar;C:\Users\chaut\interview\interview\target\test-classes;C:\Users\chaut\interview\interview\target\classes;C:\Users\chaut\.m2\repository\io\appium\java-client\7.3.0\java-client-7.3.0.jar;C:\Users\chaut\.m2\repository\org\seleniumhq\selenium\selenium-support\3.141.59\selenium-support-3.141.59.jar;C:\Users\chaut\.m2\repository\org\seleniumhq\selenium\selenium-api\3.141.59\selenium-api-3.141.59.jar;C:\Users\chaut\.m2\repository\com\google\code\gson\gson\2.8.5\gson-2.8.5.jar;C:\Users\chaut\.m2\repository\org\apache\httpcomponents\httpclient\4.5.9\httpclient-4.5.9.jar;C:\Users\chaut\.m2\repository\org\apache\httpcomponents\httpcore\4.4.11\httpcore-4.4.11.jar;C:\Users\chaut\.m2\repository\commons-logging\commons-logging\1.2\commons-logging-1.2.jar;C:\Users\chaut\.m2\repository\cglib\cglib\3.2.12\cglib-3.2.12.jar;C:\Users\chaut\.m2\repository\org\ow2\asm\asm\7.1\asm-7.1.jar;C:\Users\chaut\.m2\repository\commons-validator\commons-validator\1.6\commons-validator-1.6.jar;C:\Users\chaut\.m2\repository\commons-beanutils\commons-beanutils\1.9.2\commons-beanutils-1.9.2.jar;C:\Users\chaut\.m2\repository\commons-digester\commons-digester\1.8.1\commons-digester-1.8.1.jar;C:\Users\chaut\.m2\repository\commons-collections\commons-collections\3.2.2\commons-collections-3.2.2.jar;C:\Users\chaut\.m2\repository\org\springframework\spring-context\5.1.8.RELEASE\spring-context-5.1.8.RELEASE.jar;C:\Users\chaut\.m2\repository\org\springframework\spring-aop\5.1.8.RELEASE\spring-aop-5.1.8.RELEASE.jar;C:\Users\chaut\.m2\repository\org\springframework\spring-beans\5.1.8.RELEASE\spring-beans-5.1.8.RELEASE.jar;C:\Users\chaut\.m2\repository\org\springframework\spring-core\5.1.8.RELEASE\spring-core-5.1.8.RELEASE.jar;C:\Users\chaut\.m2\repository\org\springframework\spring-jcl\5.1.8.RELEASE\spring-jcl-5.1.8.RELEASE.jar;C:\Users\chaut\.m2\repository\org\springframework\sp
Launcher Type: SUN_STANDARD

[Global flags]
     intx CICompilerCount                          = 4                                         {product} {ergonomic}
     uint ConcGCThreads                            = 3                                         {product} {ergonomic}
     uint G1ConcRefinementThreads                  = 10                                        {product} {ergonomic}
   size_t G1HeapRegionSize                         = 1048576                                   {product} {ergonomic}
    uintx GCDrainStackTargetSize                   = 64                                        {product} {ergonomic}
   size_t InitialHeapSize                          = 130023424                                 {product} {ergonomic}
   size_t MarkStackSize                            = 4194304                                   {product} {ergonomic}
   size_t MaxHeapSize                              = 2076180480                                {product} {ergonomic}
   size_t MaxNewSize                               = 1245708288                                {product} {ergonomic}
   size_t MinHeapDeltaBytes                        = 1048576                                   {product} {ergonomic}
   size_t MinHeapSize                              = 8388608                                   {product} {ergonomic}
    uintx NonNMethodCodeHeapSize                   = 5839372                                {pd product} {ergonomic}
    uintx NonProfiledCodeHeapSize                  = 122909434                              {pd product} {ergonomic}
    uintx ProfiledCodeHeapSize                     = 122909434                              {pd product} {ergonomic}
    uintx ReservedCodeCacheSize                    = 251658240                              {pd product} {ergonomic}
     bool SegmentedCodeCache                       = true                                      {product} {ergonomic}
     bool ShowCodeDetailsInExceptionMessages       = true                                   {manageable} {command line}
   size_t SoftMaxHeapSize                          = 2076180480                             {manageable} {ergonomic}
     bool UseCompressedClassPointers               = true                           {product lp64_product} {ergonomic}
     bool UseCompressedOops                        = true                           {product lp64_product} {ergonomic}
     bool UseG1GC                                  = true                                      {product} {ergonomic}
     bool UseLargePagesIndividualAllocation        = false                                  {pd product} {ergonomic}

Logging:
Log output configuration:
 #0: stdout all=warning uptime,level,tags
 #1: stderr all=off uptime,level,tags

Environment Variables:
JAVA_HOME=C:\Program Files\Java\jdk-17
PATH=C:\Program Files\Common Files\Oracle\Java\javapath;C:\Python311\Scripts\;C:\Python311\;C:\Windows\system32;C:\Windows;C:\Windows\System32\Wbem;C:\Windows\System32\WindowsPowerShell\v1.0\;C:\Windows\System32\OpenSSH\;C:\Users\chaut\apache-maven-3.8.7\bin;C:\Program Files\nodejs\;C:\ProgramData\chocolatey\bin;C:\Program Files\Git\cmd;C:\Users\chaut\AppData\Local\Android\sdk\cmdline-tools\tools\bin;C:\Users\chaut\AppData\Local\Android\sdk\platform-tools;C:\Users\chaut\AppData\Local\Android\sdk\emulator;C:\Program Files\dotnet\;C:\Program Files\Android\Android Studio\bin;C:\Program Files\Java\jdk-17\bin;C:\Program Files (x86)\Microsoft SQL Server\160\Tools\Binn\;C:\Program Files\Microsoft SQL Server\160\Tools\Binn\;C:\Program Files\Microsoft SQL Server\Client SDK\ODBC\170\Tools\Binn\;C:\Program Files\Microsoft SQL Server\160\DTS\Binn\;C:\Program Files (x86)\Microsoft SQL Server\160\DTS\Binn\;C:\Program Files\Azure Data Studio\bin;C:\Users\chaut\AppData\Local\Microsoft\WindowsApps;C:\Users\chaut\AppData\Roaming\npm;C:\Program Files\Java\jdk-17\bin;C:\Users\chaut\AppData\Local\Programs\Microsoft VS Code\bin;C:\Program Files\Azure Data Studio\bin;C:\seleniumWebdriver;
USERNAME=chaut
OS=Windows_NT
PROCESSOR_IDENTIFIER=Intel64 Family 6 Model 154 Stepping 4, GenuineIntel



---------------  S Y S T E M  ---------------

OS:
 Windows 11 , 64 bit Build 22621 (10.0.22621.2506)
OS uptime: 19 days 5:10 hours
Hyper-V role detected

CPU: total 12 (initial active 12) (6 cores per cpu, 2 threads per core) family 6 model 154 stepping 4 microcode 0x41f, cx8, cmov, fxsr, ht, mmx, 3dnowpref, sse, sse2, sse3, ssse3, sse4.1, sse4.2, popcnt, lzcnt, tsc, tscinvbit, avx, avx2, aes, erms, clmul, bmi1, bmi2, adx, sha, fma, vzeroupper, clflush, clflushopt, clwb, hv

Memory: 4k page, system-wide physical 7916M (60M free)
TotalPageFile size 32492M (AvailPageFile size 0M)
current process WorkingSet (physical memory assigned to process): 40M, peak: 155M
current process commit charge ("private bytes"): 204M, peak: 272M

vm_info: Java HotSpot(TM) 64-Bit Server VM (17.0.8+9-LTS-211) for windows-amd64 JRE (17.0.8+9-LTS-211), built on Jun 14 2023 10:34:31 by "mach5one" with MS VC++ 17.1 (VS2022)

END.
